<?xml version="1.0" encoding="UTF-8"?>
<!-- Generated by org.testng.reporters.JUnitReportReporter -->
<testsuite skipped="0" hostname="DESKTOP-5602UDL" name="testCases.CreateOneProduct" tests="1" failures="0" timestamp="21 Mar 2022 17:22:49 GMT" time="9.918" errors="0">
  <testcase name="createOneProduct" time="9.918" classname="testCases.CreateOneProduct"/>
</testsuite> <!-- testCases.CreateOneProduct -->
