<?xml version="1.0" encoding="UTF-8"?>
<!-- Generated by org.testng.reporters.JUnitReportReporter -->
<testsuite skipped="0" hostname="DESKTOP-5602UDL" name="testCases.ReadAllProducts" tests="1" failures="0" timestamp="21 Mar 2022 16:30:26 GMT" time="9.327" errors="0">
  <testcase name="readAllProducts" time="9.327" classname="testCases.ReadAllProducts"/>
</testsuite> <!-- testCases.ReadAllProducts -->
