<?xml version="1.0" encoding="UTF-8"?>
<!-- Generated by org.testng.reporters.JUnitReportReporter -->
<testsuite skipped="0" hostname="DESKTOP-5602UDL" name="testCases.DeleteOneProduct" tests="1" failures="0" timestamp="21 Mar 2022 18:49:03 GMT" time="12.052" errors="0">
  <testcase name="deleteOneProduct" time="12.052" classname="testCases.DeleteOneProduct"/>
</testsuite> <!-- testCases.DeleteOneProduct -->
