<?xml version="1.0" encoding="UTF-8"?>
<!-- Generated by org.testng.reporters.JUnitReportReporter -->
<testsuite skipped="0" hostname="DESKTOP-5602UDL" name="testCases.ReadOneProduct1" tests="1" failures="0" timestamp="21 Mar 2022 18:27:57 GMT" time="8.498" errors="0">
  <testcase name="readOneProduct" time="8.498" classname="testCases.ReadOneProduct1"/>
</testsuite> <!-- testCases.ReadOneProduct1 -->
