<?xml version="1.0" encoding="UTF-8"?>
<!-- Generated by org.testng.reporters.JUnitReportReporter -->
<testsuite skipped="0" hostname="DESKTOP-5602UDL" name="testCases.UpdateOneProduct" tests="1" failures="0" timestamp="21 Mar 2022 18:31:44 GMT" time="10.138" errors="0">
  <testcase name="updateOneProduct" time="10.138" classname="testCases.UpdateOneProduct"/>
</testsuite> <!-- testCases.UpdateOneProduct -->
